{
  "RSpec": {
    "coverage": {
      "/Users/francescofacca/Projects/spell_checker/spec/spell_spec.rb": {
        "lines": [
          1,
          null,
          1,
          null,
          5,
          null,
          1,
          1,
          1,
          null,
          null,
          1,
          1,
          null,
          null,
          null,
          1,
          1,
          1,
          null,
          null,
          null,
          1,
          1,
          null,
          null,
          null
        ]
      },
      "/Users/francescofacca/Projects/spell_checker/lib/spell.rb": {
        "lines": [
          1,
          1,
          null,
          1,
          4,
          null,
          null,
          1,
          null,
          3,
          null,
          3,
          null,
          4,
          3,
          null,
          1,
          null,
          null,
          null,
          null,
          3,
          null,
          null,
          null,
          null
        ]
      }
    },
    "timestamp": 1630968988
  }
}
